scalar COMMAND_EXECUTION_TIMER_DURATION_SECONDS $'1.0233969688'
scalar COMMAND_EXECUTION_DURATION $'Took 2m 10s'
scalar COMMAND_EXECUTION_TIMER_DURATION_SECONDS $'129.6413192749'
scalar COMMAND_EXECUTION_TIMER_DURATION_SECONDS $'0.7857747078'
scalar COMMAND_EXECUTION_TIMER_DURATION_SECONDS $'0.0884418488'
array SKIPPED_COMPS $'_hyperfine' $'_hyperfine'
scalar COMMAND_EXECUTION_DURATION $'Took 2m 13s'
scalar COMMAND_EXECUTION_TIMER_DURATION_SECONDS $'132.9180974960'
scalar COMMAND_EXECUTION_DURATION $'Took 4s'
scalar COMMAND_EXECUTION_TIMER_DURATION_SECONDS $'3.9372153282'
scalar COMMAND_EXECUTION_TIMER_DURATION_SECONDS $'0.1104598045'
scalar COMMAND_EXECUTION_TIMER_DURATION_SECONDS $'0.0700151920'
scalar COMMAND_EXECUTION_TIMER_DURATION_SECONDS $'0.0706677437'
scalar COMMAND_EXECUTION_TIMER_DURATION_SECONDS $'1.1501295567'
scalar COMMAND_EXECUTION_DURATION $'Took 4s'
scalar COMMAND_EXECUTION_TIMER_DURATION_SECONDS $'3.9301369190'
scalar COMMAND_EXECUTION_TIMER_DURATION_SECONDS $'0.0794346333'
scalar COMMAND_EXECUTION_TIMER_DURATION_SECONDS $'0.7379796505'
scalar COMMAND_EXECUTION_TIMER_DURATION_SECONDS $'0.6309359074'
scalar COMMAND_EXECUTION_TIMER_DURATION_SECONDS $'0.0822436810'
scalar COMMAND_EXECUTION_TIMER_DURATION_SECONDS $'0.0768435001'
array INSTALLED_COMPS $'_git-now'
scalar COMMAND_EXECUTION_TIMER_DURATION_SECONDS $'0.7756516933'
scalar COMMAND_EXECUTION_TIMER_DURATION_SECONDS $'0.0767419338'
scalar COMMAND_EXECUTION_TIMER_DURATION_SECONDS $'0.7857820988'
scalar COMMAND_EXECUTION_TIMER_DURATION_SECONDS $'0.7979891300'
scalar COMMAND_EXECUTION_TIMER_DURATION_SECONDS $'0.0773806572'
scalar COMMAND_EXECUTION_TIMER_DURATION_SECONDS $'0.1309199333'
scalar COMMAND_EXECUTION_TIMER_DURATION_SECONDS $'0.1016786098'
scalar COMMAND_EXECUTION_DURATION $'Took 47s'
scalar COMMAND_EXECUTION_TIMER_DURATION_SECONDS $'46.9899926186'
scalar COMMAND_EXECUTION_TIMER_DURATION_SECONDS $'1.6283936501'
scalar COMMAND_EXECUTION_DURATION $'Took 39s'
scalar COMMAND_EXECUTION_TIMER_DURATION_SECONDS $'38.5473842621'
scalar COMMAND_EXECUTION_TIMER_DURATION_SECONDS $'2.5174596310'
scalar COMMAND_EXECUTION_TIMER_DURATION_SECONDS $'0.1280181408'
scalar COMMAND_EXECUTION_TIMER_DURATION_SECONDS $'0.0601263046'
scalar COMMAND_EXECUTION_TIMER_DURATION_SECONDS $'0.0555176735'
scalar COMMAND_EXECUTION_DURATION $'Took 24s'
scalar COMMAND_EXECUTION_TIMER_DURATION_SECONDS $'24.3860192299'
scalar COMMAND_EXECUTION_TIMER_DURATION_SECONDS $'0.0786881447'
scalar COMMAND_EXECUTION_TIMER_DURATION_SECONDS $'0.1254241467'
scalar COMMAND_EXECUTION_TIMER_DURATION_SECONDS $'0.0708534718'
scalar COMMAND_EXECUTION_TIMER_DURATION_SECONDS $'0.0584118366'
scalar COMMAND_EXECUTION_TIMER_DURATION_SECONDS $'0.0600275993'
scalar COMMAND_EXECUTION_TIMER_DURATION_SECONDS $'0.2266287804'
scalar COMMAND_EXECUTION_TIMER_DURATION_SECONDS $'0.0683276653'
scalar COMMAND_EXECUTION_TIMER_DURATION_SECONDS $'0.0692722797'
scalar COMMAND_EXECUTION_TIMER_DURATION_SECONDS $'0.0689780712'
scalar COMMAND_EXECUTION_TIMER_DURATION_SECONDS $'0.1017198563'
scalar COMMAND_EXECUTION_TIMER_DURATION_SECONDS $'0.1542453766'
scalar COMMAND_EXECUTION_TIMER_DURATION_SECONDS $'0.0713016987'
scalar COMMAND_EXECUTION_TIMER_DURATION_SECONDS $'0.0578687191'
scalar COMMAND_EXECUTION_TIMER_DURATION_SECONDS $'0.0523369312'
scalar COMMAND_EXECUTION_TIMER_DURATION_SECONDS $'0.0743405819'
scalar COMMAND_EXECUTION_TIMER_DURATION_SECONDS $'0.1499040127'
scalar COMMAND_EXECUTION_DURATION $'Took 16s'
scalar COMMAND_EXECUTION_TIMER_DURATION_SECONDS $'15.8716499805'
scalar COMMAND_EXECUTION_TIMER_DURATION_SECONDS $'0.0650670528'
scalar COMMAND_EXECUTION_TIMER_DURATION_SECONDS $'0.0769803524'
scalar COMMAND_EXECUTION_TIMER_DURATION_SECONDS $'0.0670282841'
scalar COMMAND_EXECUTION_TIMER_DURATION_SECONDS $'0.0855603218'
scalar COMMAND_EXECUTION_TIMER_DURATION_SECONDS $'0.0770962238'
scalar COMMAND_EXECUTION_TIMER_DURATION_SECONDS $'0.0711057186'
scalar COMMAND_EXECUTION_TIMER_DURATION_SECONDS $'0.0967681408'
scalar COMMAND_EXECUTION_TIMER_DURATION_SECONDS $'0.3087363243'
scalar COMMAND_EXECUTION_TIMER_DURATION_SECONDS $'0.3093512058'
scalar COMMAND_EXECUTION_TIMER_DURATION_SECONDS $'0.0850174427'
scalar COMMAND_EXECUTION_TIMER_DURATION_SECONDS $'0.0653712749'
scalar COMMAND_EXECUTION_TIMER_DURATION_SECONDS $'0.1287598610'
scalar COMMAND_EXECUTION_TIMER_DURATION_SECONDS $'0.5847980976'
scalar COMMAND_EXECUTION_TIMER_DURATION_SECONDS $'2.2178287506'
scalar COMMAND_EXECUTION_TIMER_DURATION_SECONDS $'0.1239507198'
scalar COMMAND_EXECUTION_TIMER_DURATION_SECONDS $'0.0751318932'
scalar COMMAND_EXECUTION_DURATION $'Took 48s'
scalar COMMAND_EXECUTION_TIMER_DURATION_SECONDS $'48.4620270729'
scalar COMMAND_EXECUTION_DURATION $'Took 17s'
scalar COMMAND_EXECUTION_TIMER_DURATION_SECONDS $'16.5630249977'
scalar COMMAND_EXECUTION_TIMER_DURATION_SECONDS $'0.1179046631'
scalar COMMAND_EXECUTION_TIMER_DURATION_SECONDS $'0.1453294754'
scalar COMMAND_EXECUTION_TIMER_DURATION_SECONDS $'0.1357414722'
scalar COMMAND_EXECUTION_TIMER_DURATION_SECONDS $'0.1173014641'
scalar COMMAND_EXECUTION_TIMER_DURATION_SECONDS $'0.1279866695'
scalar COMMAND_EXECUTION_TIMER_DURATION_SECONDS $'0.1291766167'
scalar COMMAND_EXECUTION_TIMER_DURATION_SECONDS $'0.1533765793'
scalar COMMAND_EXECUTION_TIMER_DURATION_SECONDS $'0.1286127567'
scalar COMMAND_EXECUTION_TIMER_DURATION_SECONDS $'0.1539261341'
scalar COMMAND_EXECUTION_TIMER_DURATION_SECONDS $'0.1362347603'
scalar COMMAND_EXECUTION_TIMER_DURATION_SECONDS $'0.1524167061'
scalar COMMAND_EXECUTION_TIMER_DURATION_SECONDS $'0.1200404167'
scalar COMMAND_EXECUTION_TIMER_DURATION_SECONDS $'0.1388821602'
scalar COMMAND_EXECUTION_TIMER_DURATION_SECONDS $'0.1262037754'
scalar COMMAND_EXECUTION_TIMER_DURATION_SECONDS $'0.1177930832'
scalar COMMAND_EXECUTION_DURATION $'Took 26s'
scalar COMMAND_EXECUTION_TIMER_DURATION_SECONDS $'25.9227674007'
scalar COMMAND_EXECUTION_TIMER_DURATION_SECONDS $'0.1394040585'
scalar COMMAND_EXECUTION_TIMER_DURATION_SECONDS $'0.1071465015'
scalar COMMAND_EXECUTION_TIMER_DURATION_SECONDS $'0.1255953312'
scalar COMMAND_EXECUTION_TIMER_DURATION_SECONDS $'0.1375651360'
scalar COMMAND_EXECUTION_TIMER_DURATION_SECONDS $'0.1537673473'
scalar COMMAND_EXECUTION_TIMER_DURATION_SECONDS $'0.1345005035'
scalar COMMAND_EXECUTION_TIMER_DURATION_SECONDS $'0.1225728989'
scalar COMMAND_EXECUTION_TIMER_DURATION_SECONDS $'0.1500077248'
scalar COMMAND_EXECUTION_TIMER_DURATION_SECONDS $'0.1409847736'
scalar COMMAND_EXECUTION_DURATION $'Took 1m 35s'
scalar COMMAND_EXECUTION_TIMER_DURATION_SECONDS $'94.9696998596'
scalar COMMAND_EXECUTION_TIMER_DURATION_SECONDS $'0.0963857174'
scalar COMMAND_EXECUTION_TIMER_DURATION_SECONDS $'0.0911881924'
scalar COMMAND_EXECUTION_DURATION $'Took 26s'
scalar COMMAND_EXECUTION_TIMER_DURATION_SECONDS $'25.7426743507'
scalar COMMAND_EXECUTION_TIMER_DURATION_SECONDS $'0.0793161392'
scalar COMMAND_EXECUTION_TIMER_DURATION_SECONDS $'0.1893768311'
scalar COMMAND_EXECUTION_TIMER_DURATION_SECONDS $'0.0559227467'
scalar COMMAND_EXECUTION_TIMER_DURATION_SECONDS $'0.0786890984'
scalar COMMAND_EXECUTION_TIMER_DURATION_SECONDS $'0.1588354111'
scalar COMMAND_EXECUTION_DURATION $'Took 3s'
scalar COMMAND_EXECUTION_TIMER_DURATION_SECONDS $'3.0281982422'
scalar COMMAND_EXECUTION_DURATION $'Took 13s'
scalar COMMAND_EXECUTION_TIMER_DURATION_SECONDS $'12.9991140366'
scalar COMMAND_EXECUTION_DURATION $'Took 54s'
scalar COMMAND_EXECUTION_TIMER_DURATION_SECONDS $'54.3131487370'
scalar COMMAND_EXECUTION_DURATION $'Took 7s'
scalar COMMAND_EXECUTION_TIMER_DURATION_SECONDS $'7.2144007683'
scalar COMMAND_EXECUTION_TIMER_DURATION_SECONDS $'0.0600650311'
scalar COMMAND_EXECUTION_TIMER_DURATION_SECONDS $'2.6185271740'
scalar COMMAND_EXECUTION_TIMER_DURATION_SECONDS $'2.9280183315'
scalar COMMAND_EXECUTION_TIMER_DURATION_SECONDS $'0.1572275162'
scalar COMMAND_EXECUTION_TIMER_DURATION_SECONDS $'0.4652898312'
scalar COMMAND_EXECUTION_TIMER_DURATION_SECONDS $'1.0446701050'
scalar COMMAND_EXECUTION_TIMER_DURATION_SECONDS $'0.0724310875'
scalar COMMAND_EXECUTION_TIMER_DURATION_SECONDS $'0.1210398674'
scalar COMMAND_EXECUTION_TIMER_DURATION_SECONDS $'1.1748361588'
scalar COMMAND_EXECUTION_TIMER_DURATION_SECONDS $'0.0887782574'
scalar COMMAND_EXECUTION_TIMER_DURATION_SECONDS $'0.4088103771'
scalar COMMAND_EXECUTION_TIMER_DURATION_SECONDS $'0.0834696293'
scalar COMMAND_EXECUTION_TIMER_DURATION_SECONDS $'0.0581228733'
scalar COMMAND_EXECUTION_DURATION $'Took 44s'
scalar COMMAND_EXECUTION_TIMER_DURATION_SECONDS $'43.5668823719'
scalar COMMAND_EXECUTION_DURATION $'Took 6s'
scalar COMMAND_EXECUTION_TIMER_DURATION_SECONDS $'6.3466286659'
scalar COMMAND_EXECUTION_TIMER_DURATION_SECONDS $'0.0685999393'
scalar COMMAND_EXECUTION_TIMER_DURATION_SECONDS $'1.1962471008'
scalar COMMAND_EXECUTION_TIMER_DURATION_SECONDS $'0.0880711079'
scalar COMMAND_EXECUTION_TIMER_DURATION_SECONDS $'0.2211680412'
scalar COMMAND_EXECUTION_DURATION $'Took 47s'
scalar COMMAND_EXECUTION_TIMER_DURATION_SECONDS $'46.6578021049'
scalar COMMAND_EXECUTION_DURATION $'Took 13s'
scalar COMMAND_EXECUTION_TIMER_DURATION_SECONDS $'12.7050020695'
scalar COMMAND_EXECUTION_TIMER_DURATION_SECONDS $'0.0663552284'
scalar COMMAND_EXECUTION_TIMER_DURATION_SECONDS $'0.0655190945'
scalar COMMAND_EXECUTION_TIMER_DURATION_SECONDS $'0.0628163815'
scalar COMMAND_EXECUTION_TIMER_DURATION_SECONDS $'0.0657422543'
scalar COMMAND_EXECUTION_TIMER_DURATION_SECONDS $'0.0896291733'
scalar COMMAND_EXECUTION_TIMER_DURATION_SECONDS $'0.0612230301'
scalar COMMAND_EXECUTION_TIMER_DURATION_SECONDS $'0.0605096817'
scalar COMMAND_EXECUTION_TIMER_DURATION_SECONDS $'0.0696794987'
array path_history $'/home/omega12beta/.dotfiles'
array ADD_COMPILED $'async.zsh' $'pure.zsh'
scalar ZSH_AUTOSUGGEST_MANUAL_REBIND $'1'
scalar ZRCDIR $'/home/omega12beta/.dotfiles/zsh'
scalar path_history_size $'1'
scalar ZHOMEDIR $'/home/omega12beta/.dotfiles'
scalar ZLE_REMOVE_SUFFIX_CHARS $' \t\n;&'
scalar ZPLG_HOME $'/home/omega12beta/zinit'
array INSTALLED_COMPS $'_autocomplete.alias_expansions' $'_autocomplete.explanation' $'_autocomplete.extras' $'_autocomplete.history_lines' $'_autocomplete.history_words' $'_autocomplete.is_glob' $'_autocomplete.long_list' $'_autocomplete.oldlist' $'_autocomplete.recent_paths' $'_autocomplete.requoted' $'_autocomplete.unambiguous'
scalar HOSTNAME $'laptop'
association key $'DeleteList' $'^D' $'Down' $'\033OB' $'Tab' $'\t' $'Undo' $'^[u' $'Left' $'\033OD' $'Right' $'\033OC' $'PageDown' $'\033[6~' $'PageUp' $'\033[5~' $'End' $'\033OF' $'BackTab' $'\033[Z' $'BeginningOfBuffer' $'^[<' $'Up' $'\033OA' $'ControlSpace' $'^@' $'BackwardWord' $'^[B' $'EndOfBuffer' $'^[>' $'Home' $'\033OH' $'ForwardWord' $'^[W' $'AltSpace' $'^[ '
scalar ZDOTDIR $'/home/omega12beta'
scalar XDG_CONFIG_HOME $'/home/omega12beta/.config'
scalar HISTORY_IGNORE $'(ls|cd|pwd|zsh|exit|cd ..)'
scalar path_history_index $'1'
scalar COMMAND_EXECUTION_DURATION $'Took 2m 40s'
scalar COMMAND_EXECUTION_TIMER_DURATION_SECONDS $'160.1786568165'
scalar bgnotify_timestamp $'1603151536'
scalar bgnotify_windowid $'0x8400007'
scalar bgnotify_lastcmd $'la'
scalar COMMAND_EXECUTION_TIMER_DURATION_SECONDS $'0.1153445244'
scalar bgnotify_timestamp $'1603151562'
scalar bgnotify_lastcmd $'cd .nvim'
scalar COMMAND_EXECUTION_TIMER_DURATION_SECONDS $'0.1252026558'
scalar COMMAND_EXECUTION_TIMER_DURATION_SECONDS $'0.5573072433'
scalar bgnotify_timestamp $'1603151665'
scalar bgnotify_lastcmd $'cd .config\n'
array path_history $'/home/omega12beta/.dotfiles' $'/home/omega12beta/.dotfiles/.config'
scalar path_history_size $'2'
scalar path_history_index $'2'
scalar COMMAND_EXECUTION_TIMER_DURATION_SECONDS $'0.5492162704'
scalar bgnotify_timestamp $'1603151669'
scalar bgnotify_lastcmd $'cd nvim'
array path_history $'/home/omega12beta/.dotfiles' $'/home/omega12beta/.dotfiles/.config' $'/home/omega12beta/.dotfiles/.config/nvim' $''
scalar path_history_size $'3'
scalar path_history_index $'3'
scalar COMMAND_EXECUTION_TIMER_DURATION_SECONDS $'0.0422077179'
scalar bgnotify_timestamp $'1603151674'
scalar bgnotify_lastcmd $'la'
scalar COMMAND_EXECUTION_TIMER_DURATION_SECONDS $'0.5815386772'
scalar bgnotify_timestamp $'1603151681'
scalar bgnotify_lastcmd $'cd plugged'
array path_history $'/home/omega12beta/.dotfiles' $'/home/omega12beta/.dotfiles/.config' $'/home/omega12beta/.dotfiles/.config/nvim' $'/home/omega12beta/.dotfiles/.config/nvim/plugged'
scalar path_history_size $'4'
scalar path_history_index $'4'
scalar COMMAND_EXECUTION_TIMER_DURATION_SECONDS $'7.0874056816'
scalar COMMAND_EXECUTION_DURATION $'Took 7s'
scalar bgnotify_timestamp $'1603151713'
scalar bgnotify_lastcmd $'sudo rm -R coc.nvim/'
scalar COMMAND_EXECUTION_TIMER_DURATION_SECONDS $'0.0419752598'
scalar bgnotify_timestamp $'1603151910'
scalar bgnotify_lastcmd $'la'
scalar COMMAND_EXECUTION_TIMER_DURATION_SECONDS $'0.1267919540'
scalar bgnotify_timestamp $'1603151927'
scalar bgnotify_lastcmd $'cd ...'
scalar COMMAND_EXECUTION_TIMER_DURATION_SECONDS $'3.3810155392'
scalar COMMAND_EXECUTION_DURATION $'Took 3s'
scalar bgnotify_timestamp $'1603151933'
scalar bgnotify_lastcmd $'cd ..'
array path_history $'/home/omega12beta/.dotfiles' $'/home/omega12beta/.dotfiles/.config' $'/home/omega12beta/.dotfiles/.config/nvim' $'/home/omega12beta/.dotfiles/.config/nvim/plugged' $'/home/omega12beta/.dotfiles' $'' $'' $''
scalar path_history_size $'5'
scalar path_history_index $'5'
scalar COMMAND_EXECUTION_TIMER_DURATION_SECONDS $'0.0504364967'
scalar bgnotify_timestamp $'1603151947'
scalar bgnotify_lastcmd $'la'
scalar COMMAND_EXECUTION_TIMER_DURATION_SECONDS $'0.0424289703'
scalar COMMAND_EXECUTION_TIMER_DURATION_SECONDS $'0.0842459202'
scalar past_threshold $'0'
scalar elapsed $'0'
scalar didexit $'0'
scalar elapsed $'3'
scalar past_threshold $'0'
array exa_params $'--git' $'--icons' $'--classify' $'--group-directories-first' $'--time-style=long-iso' $'--group' $'--color-scale'
scalar elapsed $'1'
scalar didexit $'0'
scalar elapsed $'0'
scalar past_threshold $'0'
scalar elapsed $'0'
scalar didexit $'127'
scalar didexit $'1'
scalar didexit $'0'
scalar past_threshold $'1'
scalar elapsed $'1m 56s'
scalar NLIST_IS_SEARCH_MODE $'0'
scalar NLIST_USER_LAST_ELEMENT $'125'
array reply $'-' $'..' $'...' $'....' $'.....' $'~' $'alert' $'bd' $'c' $'cat' $'cd' $'cd..' $'cl' $'cp' $'declzsh' $'del' $'df' $'dircolor' $'du' $'explore' $'fgi' $'fsh-alias' $'ga' $'gcf' $'gclean' $'gcp' $'gd' $'generate-passowrd' $'ghq-repo' $'ghq-repos' $'git' $'git-cdroot' $'git-grab' $'gitroot' $'glo' $'grep' $'grh' $'gss' $'hubb' $'ifactive' $'ip' $'ips' $'l' $'l.' $'la' $'less-plain' $'ll' $'localip' $'ls' $'man' $'mem' $'mv' $'myip' $'n1httpdump' $'n1ip' $'n1ips' $'n1sniff' $'naliases' $'ncd' $'nenv' $'nfunctions' $'nhelp' $'nhistory' $'nkill' $'noptions' $'npanelize' $'nv' $'nwho' $'p' $'pac-aur-packages' $'pac-clean' $'pac-included-files' $'pac-install' $'pac-installed-files' $'pac-installed-list' $'pac-installed-list-export' $'pac-installed-package-info' $'pac-log' $'pac-package-info' $'pac-remove' $'pac-search' $'pac-search-by-filename' $'pac-search-from-path' $'pac-unused-list' $'pac-update' $'pac-upgrade' $'pac-upgrade-force' $'ping' $'pl' $'plast' $'pp' $'preview' $'proxy' $'py' $'q' $'quit' $'r' $'reload' $'reload_sound' $'rez' $'rg' $'rm' $'run-help' $'sc' $'sudo' $'sv' $'te' $'tj' $'transj' $'v' $'vi' $'vim' $'vim_startuptime' $'vim_startuptime_slower_than_default' $'web-server' $'which-command' $'yay-clean' $'yay-installed-list' $'z' $'zcompile_zshrc' $'zi' $'zini' $'zpl' $'zplg' $'zz'
scalar NLIST_IS_UNIQ_MODE $'0'
scalar NLIST_FROM_WHAT_IDX_LIST_IS_SHOWN $'97'
scalar NLIST_TEXT_OFFSET $'0'
scalar NLIST_CURRENT_IDX $'125'
scalar NLIST_REMEMBER_STATE $'0'
scalar NLIST_IS_F_MODE $'0'
scalar NLIST_USER_CURRENT_IDX $'125'
scalar cmd $'git-status'
scalar SPACESHIP_EXEC_TIME_duration $'0'
scalar cmd $'git-status'
scalar SPACESHIP_EXEC_TIME_duration $'1'
scalar SPACESHIP_EXEC_TIME_duration $'0'
scalar SPACESHIP_EXEC_TIME_duration $'1'
scalar SPACESHIP_EXEC_TIME_duration $'0'
scalar SPACESHIP_EXEC_TIME_duration $'1'
scalar SPACESHIP_EXEC_TIME_duration $'72'
scalar SPACESHIP_EXEC_TIME_duration $'46'
scalar SPACESHIP_EXEC_TIME_duration $'1'
scalar SPACESHIP_EXEC_TIME_duration $'57'
scalar SPACESHIP_EXEC_TIME_duration $'0'
scalar SPACESHIP_EXEC_TIME_duration $'0'
scalar SPACESHIP_EXEC_TIME_duration $'1'
scalar SPACESHIP_EXEC_TIME_duration $'0'
scalar SPACESHIP_EXEC_TIME_duration $'1'
scalar SPACESHIP_EXEC_TIME_duration $'1'
scalar SPACESHIP_EXEC_TIME_duration $'19'
scalar SPACESHIP_EXEC_TIME_duration $'11'
scalar SPACESHIP_EXEC_TIME_duration $'0'
scalar SPACESHIP_EXEC_TIME_duration $'1'
scalar SPACESHIP_EXEC_TIME_duration $'79'
scalar SPACESHIP_EXEC_TIME_duration $'4'
scalar SPACESHIP_EXEC_TIME_duration $'51'
scalar SPACESHIP_EXEC_TIME_duration $'299'
scalar SPACESHIP_EXEC_TIME_duration $'778'
scalar SPACESHIP_EXEC_TIME_duration $'1'
scalar SPACESHIP_EXEC_TIME_duration $'0'
scalar SPACESHIP_EXEC_TIME_duration $'1'
scalar cmd $'git-status'
scalar SPACESHIP_EXEC_TIME_duration $'0'
scalar SPACESHIP_EXEC_TIME_duration $'1'
scalar SPACESHIP_EXEC_TIME_duration $'0'
scalar SPACESHIP_EXEC_TIME_duration $'1'
scalar SPACESHIP_EXEC_TIME_duration $'152'
scalar SPACESHIP_EXEC_TIME_duration $'1'
scalar cmd $'git-status'
scalar cmd $'git-status'
array INSTALLED_COMPS $'_autocomplete.alias_expansions' $'_autocomplete.explanation' $'_autocomplete.extras' $'_autocomplete.history_lines' $'_autocomplete.history_words' $'_autocomplete.is_glob' $'_autocomplete.long_list' $'_autocomplete.oldlist' $'_autocomplete.recent_paths' $'_autocomplete.requoted' $'_autocomplete.sort-by-length' $'_autocomplete.unambiguous'
scalar n_list $'    '
scalar HLIST_CURRENT_SEGMENT $'1'
scalar HLIST_REMEMBER_STATE $'1'
scalar HLIST_DRAW_ONLY $'0'
scalar HLIST_USER_CURRENT_IDX $'1'
scalar HLIST_DISABLE_SEARCH $'0'
scalar HLIST_IS_SEARCH_MODE $'0'
scalar HLIST_IS_UNIQ_MODE $'1'
scalar HLIST_USER_LAST_ELEMENT $'331'
scalar HLIST_FROM_WHAT_IDX_LIST_IS_SHOWN $'1'
scalar HLIST_TEXT_OFFSET $'0'
scalar HLIST_CURRENT_IDX $'1'
scalar REPLY $'-1'
scalar var_name $'mod3_ice1_output'
scalar txt $'Current #95 (of #515 entries)'
array match $'(no name assigned)'
array mbegin $'35'
array mend $'52'
scalar txt $'Current #92 (of #100 entries)'
scalar _ftb_orig_widget $'__enhancd::completion::run'
scalar var_name $'mod3_ice1_output'
scalar txt $'Current #4 (of #4 entries)'
scalar HLIST_CURRENT_SEGMENT $'1'
scalar HLIST_REMEMBER_STATE $'1'
scalar HLIST_DRAW_ONLY $'0'
scalar HLIST_USER_CURRENT_IDX $'12'
scalar HLIST_DISABLE_SEARCH $'0'
scalar HLIST_IS_SEARCH_MODE $'0'
scalar HLIST_IS_UNIQ_MODE $'1'
scalar HLIST_USER_LAST_ELEMENT $'353'
scalar HLIST_FROM_WHAT_IDX_LIST_IS_SHOWN $'1'
scalar HLIST_TEXT_OFFSET $'0'
scalar HLIST_CURRENT_IDX $'12'
scalar REPLY $'-1'
scalar NLIST_IS_SEARCH_MODE $'0'
scalar NLIST_USER_LAST_ELEMENT $'8'
scalar NLIST_IS_UNIQ_MODE $'0'
scalar NLIST_FROM_WHAT_IDX_LIST_IS_SHOWN $'1'
scalar NLIST_TEXT_OFFSET $'0'
scalar NLIST_CURRENT_IDX $'1'
scalar NLIST_REMEMBER_STATE $'0'
scalar NLIST_IS_F_MODE $'0'
scalar NLIST_USER_CURRENT_IDX $'1'
array reply $'~' $'' $'\033[00;31mHotlist\033[00;00m:' $'/home/omega12beta/.config/znt' $'/usr/share/zsh/site-functions' $'/usr/share/zsh' $'/usr/local/share/zsh/site-functions' $'/usr/local/share/zsh' $'/usr/local/bin' $'/usr/lib'
scalar NLIST_USER_LAST_ELEMENT $'250'
scalar NLIST_FROM_WHAT_IDX_LIST_IS_SHOWN $'49'
scalar NLIST_CURRENT_IDX $'94'
scalar NLIST_USER_CURRENT_IDX $'93'
scalar handler $'-zui_std_set_mod_factor 3 3'
scalar txt $'Current #13 (of #13 entries)'
scalar var_name $'mod2_ice1_output'
scalar txt $'Current #8 (of #8 entries)'
scalar handler $'(( ${+functions[-zui-standard-global-anchors-callback]} )) && { -zui-standard-global-anchors-callback  "aglobal_m1_i1" "3" "1" "1"; internal=1; }'
scalar cmd $'git-status'
scalar tmux_version $'3.1b'
scalar is_vim $'echo "#{pane_current_command}" | grep -iqE "(^|\\/)g?(view|n?vim?)(diff)?$"'
scalar cmd $'git-status'
